<?xml version="1.0" encoding="utf-8"?><testsuites name="pytest tests"><testsuite name="pytest" errors="0" failures="0" skipped="0" tests="6" time="51.448" timestamp="2026-07-16T09:57:05.015017+00:00" hostname="agent-env-f1eba7ce-9cf1-4617-8a4d-bda7a57404ba"><testcase classname="tests.backend_test" name="test_health" time="0.333" /><testcase classname="tests.backend_test" name="test_metric_definitions" time="0.055" /><testcase classname="tests.backend_test" name="test_analyze_full" time="17.331" /><testcase classname="tests.backend_test" name="test_analyze_empty" time="0.055" /><testcase classname="tests.backend_test" name="test_analyze_stream" time="16.294" /><testcase classname="tests.backend_test" name="test_analyze_stream_graph_events" time="16.424" /></testsuite></testsuites>